<?xml version="1.0" encoding="utf-8"?><testsuites><testsuite errors="0" failures="0" hostname="antliae" name="pytest" skipped="0" tests="5" time="69.109" timestamp="2020-09-11T18:18:35.051840"><testcase classname="punpy.mc.tests.test_mc_propagation.TestMCPropagation" file="punpy\mc\tests\test_mc_propagation.py" line="187" name="test_propagate_both" time="7.208"></testcase><testcase classname="punpy.mc.tests.test_mc_propagation.TestMCPropagation" file="punpy\mc\tests\test_mc_propagation.py" line="273" name="test_propagate_cov" time="5.039"></testcase><testcase classname="punpy.mc.tests.test_mc_propagation.TestMCPropagation" file="punpy\mc\tests\test_mc_propagation.py" line="84" name="test_propagate_random" time="21.629"></testcase><testcase classname="punpy.mc.tests.test_mc_propagation.TestMCPropagation" file="punpy\mc\tests\test_mc_propagation.py" line="141" name="test_propagate_systematic" time="30.348"></testcase><testcase classname="punpy.mc.tests.test_mc_propagation.TestMCPropagation" file="punpy\mc\tests\test_mc_propagation.py" line="233" name="test_propagate_type" time="4.141"></testcase></testsuite></testsuites>