<?xml version="1.0" encoding="utf-8"?><testsuite errors="1" failures="0" name="pytest" skipped="0" tests="1" time="0.371"><testcase classname="" file="punpy/mc/tests/test_mc_propagation.py" name="punpy.mc.tests.test_mc_propagation" time="0.000"><error message="collection failure">C:\tools\Anaconda3\lib\site-packages\py\_path\local.py:701: in pyimport
    __import__(modname)
punpy\__init__.py:2: in &lt;module&gt;
    from punpy.mc.MCMC_retrieval import MCMCRetrieval
punpy\mc\MCMC_retrieval.py:7: in &lt;module&gt;
    import emcee
C:\tools\Anaconda3\lib\site-packages\emcee\__init__.py:24: in &lt;module&gt;
    from . import autocorr, backends, moves
C:\tools\Anaconda3\lib\site-packages\emcee\backends\__init__.py:4: in &lt;module&gt;
    from .hdf import HDFBackend, TempHDFBackend
C:\tools\Anaconda3\lib\site-packages\emcee\backends\hdf.py:17: in &lt;module&gt;
    import h5py
C:\tools\Anaconda3\lib\site-packages\h5py\__init__.py:36: in &lt;module&gt;
    from ._conv import register_converters as _register_converters
h5py\h5t.pxd:14: in init h5py._conv
    ???
h5py\h5t.pyx:543: in init h5py.h5t
    ???
h5py\_objects.pyx:51: in h5py._objects.with_phil
    ???
&lt;frozen importlib._bootstrap&gt;:983: in _find_and_load
    ???
&lt;frozen importlib._bootstrap&gt;:963: in _find_and_load_unlocked
    ???
&lt;frozen importlib._bootstrap&gt;:906: in _find_spec
    ???
C:\tools\Anaconda3\lib\site-packages\_pytest\assertion\rewrite.py:63: in find_spec
    if self._early_rewrite_bailout(name, state):
C:\tools\Anaconda3\lib\site-packages\_pytest\assertion\rewrite.py:179: in _early_rewrite_bailout
    if fnmatch_ex(pat, path):
C:\tools\Anaconda3\lib\site-packages\_pytest\pathlib.py:284: in fnmatch_ex
    path = PurePath(path)
C:\tools\Anaconda3\lib\pathlib.py:626: in __new__
    return cls._from_parts(args)
C:\tools\Anaconda3\lib\pathlib.py:658: in _from_parts
    drv, root, parts = self._parse_args(args)
C:\tools\Anaconda3\lib\pathlib.py:651: in _parse_args
    return cls._flavour.parse_parts(parts)
C:\tools\Anaconda3\lib\pathlib.py:72: in parse_parts
    part = part.replace(altsep, sep)
E   KeyboardInterrupt</error></testcase></testsuite>